# JRE version: Java(TM) SE Runtime Environment (19.0+36) (build 19+36-2238)
# Java VM: Java HotSpot(TM) 64-Bit Server VM (19+36-2238, mixed mode, sharing, tiered, compressed oops, compressed class ptrs, g1 gc, windows-amd64)
GC Precious Log:
 CardTable entry size: 512
 Card Set container configuration: InlinePtr #cards 5 size 8 Array Of Cards #cards 12 size 40 Howl #buckets 4 coarsen threshold 1843 Howl Bitmap #cards 512 size 80 coarsen threshold 460 Card regions per heap region 1 cards per card region 2048
 CPUs: 4 total, 4 available
 Memory: 3985M
 Large Page Support: Disabled
 NUMA Support: Disabled
 Compressed Oops: Enabled (32-bit)
 Heap Region Size: 1M
 Heap Min Capacity: 8M
 Heap Initial Capacity: 64M
 Heap Max Capacity: 998M
 Pre-touch: Disabled
 Parallel Workers: 4
 Concurrent Workers: 1
 Concurrent Refinement Workers: 4
 Periodic GC: Disabled
Heap:
 garbage-first heap   total 382976K, used 241310K [0x00000000c1a00000, 0x0000000100000000)
  region size 1024K, 6 young (6144K), 5 survivors (5120K)
 Metaspace       used 10065K, committed 10304K, reserved 1114112K
  class space    used 1157K, committed 1280K, reserved 1048576K
GC Heap History (20 events):
Event: 4.732 GC heap before
{Heap before GC invocations=6 (full 0):
 garbage-first heap   total 171008K, used 133575K [0x00000000c1a00000, 0x0000000100000000)
  region size 1024K, 38 young (38912K), 1 survivors (1024K)
 Metaspace       used 8002K, committed 8192K, reserved 1114112K
  class space    used 857K, committed 960K, reserved 1048576K
}
Event: 4.736 GC heap after
{Heap after GC invocations=7 (full 0):
 garbage-first heap   total 171008K, used 100179K [0x00000000c1a00000, 0x0000000100000000)
  region size 1024K, 3 young (3072K), 3 survivors (3072K)
 Metaspace       used 8002K, committed 8192K, reserved 1114112K
  class space    used 857K, committed 960K, reserved 1048576K
}
Event: 5.577 GC heap before
{Heap before GC invocations=8 (full 0):
 garbage-first heap   total 327680K, used 225107K [0x00000000c1a00000, 0x0000000100000000)
  region size 1024K, 34 young (34816K), 3 survivors (3072K)
 Metaspace       used 8003K, committed 8192K, reserved 1114112K
  class space    used 857K, committed 960K, reserved 1048576K
}
Event: 5.582 GC heap after
{Heap after GC invocations=9 (full 0):
 garbage-first heap   total 327680K, used 193767K [0x00000000c1a00000, 0x0000000100000000)
  region size 1024K, 2 young (2048K), 2 survivors (2048K)
 Metaspace       used 8003K, committed 8192K, reserved 1114112K
  class space    used 857K, committed 960K, reserved 1048576K
}
Event: 5.831 GC heap before
{Heap before GC invocations=9 (full 0):
 garbage-first heap   total 327680K, used 207079K [0x00000000c1a00000, 0x0000000100000000)
  region size 1024K, 16 young (16384K), 2 survivors (2048K)
 Metaspace       used 8003K, committed 8192K, reserved 1114112K
  class space    used 857K, committed 960K, reserved 1048576K
}
Event: 5.836 GC heap after
{Heap after GC invocations=10 (full 0):
 garbage-first heap   total 327680K, used 192666K [0x00000000c1a00000, 0x0000000100000000)
  region size 1024K, 1 young (1024K), 1 survivors (1024K)
 Metaspace       used 8003K, committed 8192K, reserved 1114112K
  class space    used 857K, committed 960K, reserved 1048576K
}
Event: 7.985 GC heap before
{Heap before GC invocations=10 (full 0):
 garbage-first heap   total 327680K, used 242842K [0x00000000c1a00000, 0x0000000100000000)
  region size 1024K, 52 young (53248K), 1 survivors (1024K)
 Metaspace       used 9378K, committed 9600K, reserved 1114112K
  class space    used 1073K, committed 1152K, reserved 1048576K
}
Event: 7.993 GC heap after
{Heap after GC invocations=11 (full 0):
 garbage-first heap   total 327680K, used 194518K [0x00000000c1a00000, 0x0000000100000000)
  region size 1024K, 3 young (3072K), 3 survivors (3072K)
 Metaspace       used 9378K, committed 9600K, reserved 1114112K
  class space    used 1073K, committed 1152K, reserved 1048576K
}
Event: 9.179 GC heap before
{Heap before GC invocations=12 (full 0):
 garbage-first heap   total 334848K, used 200662K [0x00000000c1a00000, 0x0000000100000000)
  region size 1024K, 8 young (8192K), 3 survivors (3072K)
 Metaspace       used 9482K, committed 9728K, reserved 1114112K
  class space    used 1081K, committed 1216K, reserved 1048576K
}
Event: 9.186 GC heap after
{Heap after GC invocations=13 (full 0):
 garbage-first heap   total 334848K, used 197239K [0x00000000c1a00000, 0x0000000100000000)
  region size 1024K, 4 young (4096K), 4 survivors (4096K)
 Metaspace       used 9482K, committed 9728K, reserved 1114112K
  class space    used 1081K, committed 1216K, reserved 1048576K
}
Event: 11.810 GC heap before
{Heap before GC invocations=14 (full 0):
 garbage-first heap   total 345088K, used 213623K [0x00000000c1a00000, 0x0000000100000000)
  region size 1024K, 15 young (15360K), 4 survivors (4096K)
 Metaspace       used 10054K, committed 10304K, reserved 1114112K
  class space    used 1156K, committed 1280K, reserved 1048576K
}
Event: 11.817 GC heap after
{Heap after GC invocations=15 (full 0):
 garbage-first heap   total 345088K, used 203734K [0x00000000c1a00000, 0x0000000100000000)
  region size 1024K, 4 young (4096K), 4 survivors (4096K)
 Metaspace       used 10054K, committed 10304K, reserved 1114112K
  class space    used 1156K, committed 1280K, reserved 1048576K
}
Event: 12.023 GC heap before
{Heap before GC invocations=16 (full 0):
 garbage-first heap   total 350208K, used 208854K [0x00000000c1a00000, 0x0000000100000000)
  region size 1024K, 9 young (9216K), 4 survivors (4096K)
 Metaspace       used 10064K, committed 10304K, reserved 1114112K
  class space    used 1157K, committed 1280K, reserved 1048576K
}
Event: 12.030 GC heap after
{Heap after GC invocations=17 (full 0):
 garbage-first heap   total 350208K, used 207039K [0x00000000c1a00000, 0x0000000100000000)
  region size 1024K, 5 young (5120K), 5 survivors (5120K)
 Metaspace       used 10064K, committed 10304K, reserved 1114112K
  class space    used 1157K, committed 1280K, reserved 1048576K
}
Event: 12.073 GC heap before
{Heap before GC invocations=18 (full 0):
 garbage-first heap   total 353280K, used 210111K [0x00000000c1a00000, 0x0000000100000000)
  region size 1024K, 6 young (6144K), 5 survivors (5120K)
 Metaspace       used 10064K, committed 10304K, reserved 1114112K
  class space    used 1157K, committed 1280K, reserved 1048576K
}
Event: 12.079 GC heap after
{Heap after GC invocations=19 (full 0):
 garbage-first heap   total 353280K, used 210902K [0x00000000c1a00000, 0x0000000100000000)
  region size 1024K, 6 young (6144K), 6 survivors (6144K)
 Metaspace       used 10064K, committed 10304K, reserved 1114112K
  class space    used 1157K, committed 1280K, reserved 1048576K
}
Event: 12.608 GC heap before
{Heap before GC invocations=20 (full 0):
 garbage-first heap   total 380928K, used 243670K [0x00000000c1a00000, 0x0000000100000000)
  region size 1024K, 23 young (23552K), 6 survivors (6144K)
 Metaspace       used 10065K, committed 10304K, reserved 1114112K
  class space    used 1157K, committed 1280K, reserved 1048576K
}
Event: 12.617 GC heap after
{Heap after GC invocations=21 (full 0):
 garbage-first heap   total 380928K, used 224214K [0x00000000c1a00000, 0x0000000100000000)
  region size 1024K, 6 young (6144K), 6 survivors (6144K)
 Metaspace       used 10065K, committed 10304K, reserved 1114112K
  class space    used 1157K, committed 1280K, reserved 1048576K
}
Event: 12.950 GC heap before
{Heap before GC invocations=22 (full 0):
 garbage-first heap   total 382976K, used 228310K [0x00000000c1a00000, 0x0000000100000000)
  region size 1024K, 8 young (8192K), 6 survivors (6144K)
 Metaspace       used 10065K, committed 10304K, reserved 1114112K
  class space    used 1157K, committed 1280K, reserved 1048576K
}
Event: 12.955 GC heap after
{Heap after GC invocations=23 (full 0):
 garbage-first heap   total 382976K, used 222878K [0x00000000c1a00000, 0x0000000100000000)
  region size 1024K, 5 young (5120K), 5 survivors (5120K)
 Metaspace       used 10065K, committed 10304K, reserved 1114112K
  class space    used 1157K, committed 1280K, reserved 1048576K
}

