# JRE version: Java(TM) SE Runtime Environment (19.0+36) (build 19+36-2238)
# Java VM: Java HotSpot(TM) 64-Bit Server VM (19+36-2238, mixed mode, sharing, tiered, compressed oops, compressed class ptrs, g1 gc, windows-amd64)
GC Precious Log:
 CardTable entry size: 512
 Card Set container configuration: InlinePtr #cards 5 size 8 Array Of Cards #cards 12 size 40 Howl #buckets 4 coarsen threshold 1843 Howl Bitmap #cards 512 size 80 coarsen threshold 460 Card regions per heap region 1 cards per card region 2048
 CPUs: 4 total, 4 available
 Memory: 3985M
 Large Page Support: Disabled
 NUMA Support: Disabled
 Compressed Oops: Enabled (32-bit)
 Heap Region Size: 1M
 Heap Min Capacity: 8M
 Heap Initial Capacity: 64M
 Heap Max Capacity: 998M
 Pre-touch: Disabled
 Parallel Workers: 4
 Concurrent Workers: 1
 Concurrent Refinement Workers: 4
 Periodic GC: Disabled
Heap:
 garbage-first heap   total 411648K, used 261965K [0x00000000c1a00000, 0x0000000100000000)
  region size 1024K, 8 young (8192K), 6 survivors (6144K)
 Metaspace       used 10015K, committed 10240K, reserved 1114112K
  class space    used 1150K, committed 1280K, reserved 1048576K
GC Heap History (20 events):
Event: 6.274 GC heap before
{Heap before GC invocations=9 (full 0):
 garbage-first heap   total 268288K, used 205760K [0x00000000c1a00000, 0x0000000100000000)
  region size 1024K, 13 young (13312K), 3 survivors (3072K)
 Metaspace       used 9395K, committed 9600K, reserved 1114112K
  class space    used 1069K, committed 1152K, reserved 1048576K
}
Event: 6.279 GC heap after
{Heap after GC invocations=10 (full 0):
 garbage-first heap   total 268288K, used 194610K [0x00000000c1a00000, 0x0000000100000000)
  region size 1024K, 1 young (1024K), 1 survivors (1024K)
 Metaspace       used 9395K, committed 9600K, reserved 1114112K
  class space    used 1069K, committed 1152K, reserved 1048576K
}
Event: 6.741 GC heap before
{Heap before GC invocations=10 (full 0):
 garbage-first heap   total 268288K, used 235570K [0x00000000c1a00000, 0x0000000100000000)
  region size 1024K, 42 young (43008K), 1 survivors (1024K)
 Metaspace       used 9395K, committed 9600K, reserved 1114112K
  class space    used 1069K, committed 1152K, reserved 1048576K
}
Event: 6.744 GC heap after
{Heap after GC invocations=11 (full 0):
 garbage-first heap   total 268288K, used 194628K [0x00000000c1a00000, 0x0000000100000000)
  region size 1024K, 1 young (1024K), 1 survivors (1024K)
 Metaspace       used 9395K, committed 9600K, reserved 1114112K
  class space    used 1069K, committed 1152K, reserved 1048576K
}
Event: 7.699 GC heap before
{Heap before GC invocations=12 (full 0):
 garbage-first heap   total 327680K, used 195652K [0x00000000c1a00000, 0x0000000100000000)
  region size 1024K, 3 young (3072K), 1 survivors (1024K)
 Metaspace       used 9432K, committed 9664K, reserved 1114112K
  class space    used 1075K, committed 1216K, reserved 1048576K
}
Event: 7.705 GC heap after
{Heap after GC invocations=13 (full 0):
 garbage-first heap   total 327680K, used 196655K [0x00000000c1a00000, 0x0000000100000000)
  region size 1024K, 3 young (3072K), 3 survivors (3072K)
 Metaspace       used 9432K, committed 9664K, reserved 1114112K
  class space    used 1075K, committed 1216K, reserved 1048576K
}
Event: 11.384 GC heap before
{Heap before GC invocations=14 (full 0):
 garbage-first heap   total 342016K, used 212015K [0x00000000c1a00000, 0x0000000100000000)
  region size 1024K, 13 young (13312K), 3 survivors (3072K)
 Metaspace       used 10000K, committed 10240K, reserved 1114112K
  class space    used 1149K, committed 1280K, reserved 1048576K
}
Event: 11.390 GC heap after
{Heap after GC invocations=15 (full 0):
 garbage-first heap   total 342016K, used 203823K [0x00000000c1a00000, 0x0000000100000000)
  region size 1024K, 4 young (4096K), 4 survivors (4096K)
 Metaspace       used 10000K, committed 10240K, reserved 1114112K
  class space    used 1149K, committed 1280K, reserved 1048576K
}
Event: 11.908 GC heap before
{Heap before GC invocations=16 (full 0):
 garbage-first heap   total 350208K, used 208943K [0x00000000c1a00000, 0x0000000100000000)
  region size 1024K, 9 young (9216K), 4 survivors (4096K)
 Metaspace       used 10011K, committed 10240K, reserved 1114112K
  class space    used 1150K, committed 1280K, reserved 1048576K
}
Event: 11.916 GC heap after
{Heap after GC invocations=17 (full 0):
 garbage-first heap   total 350208K, used 205943K [0x00000000c1a00000, 0x0000000100000000)
  region size 1024K, 4 young (4096K), 4 survivors (4096K)
 Metaspace       used 10011K, committed 10240K, reserved 1114112K
  class space    used 1150K, committed 1280K, reserved 1048576K
}
Event: 11.983 GC heap before
{Heap before GC invocations=18 (full 0):
 garbage-first heap   total 352256K, used 209015K [0x00000000c1a00000, 0x0000000100000000)
  region size 1024K, 5 young (5120K), 4 survivors (4096K)
 Metaspace       used 10011K, committed 10240K, reserved 1114112K
  class space    used 1150K, committed 1280K, reserved 1048576K
}
Event: 11.990 GC heap after
{Heap after GC invocations=19 (full 0):
 garbage-first heap   total 352256K, used 210200K [0x00000000c1a00000, 0x0000000100000000)
  region size 1024K, 5 young (5120K), 5 survivors (5120K)
 Metaspace       used 10011K, committed 10240K, reserved 1114112K
  class space    used 1150K, committed 1280K, reserved 1048576K
}
Event: 12.477 GC heap before
{Heap before GC invocations=20 (full 0):
 garbage-first heap   total 352256K, used 242968K [0x00000000c1a00000, 0x0000000100000000)
  region size 1024K, 22 young (22528K), 5 survivors (5120K)
 Metaspace       used 10012K, committed 10240K, reserved 1114112K
  class space    used 1150K, committed 1280K, reserved 1048576K
}
Event: 12.482 GC heap after
{Heap after GC invocations=21 (full 0):
 garbage-first heap   total 352256K, used 223512K [0x00000000c1a00000, 0x0000000100000000)
  region size 1024K, 5 young (5120K), 5 survivors (5120K)
 Metaspace       used 10012K, committed 10240K, reserved 1114112K
  class space    used 1150K, committed 1280K, reserved 1048576K
}
Event: 12.901 GC heap before
{Heap before GC invocations=22 (full 0):
 garbage-first heap   total 380928K, used 227608K [0x00000000c1a00000, 0x0000000100000000)
  region size 1024K, 7 young (7168K), 5 survivors (5120K)
 Metaspace       used 10013K, committed 10240K, reserved 1114112K
  class space    used 1150K, committed 1280K, reserved 1048576K
}
Event: 12.910 GC heap after
{Heap after GC invocations=23 (full 0):
 garbage-first heap   total 380928K, used 223398K [0x00000000c1a00000, 0x0000000100000000)
  region size 1024K, 5 young (5120K), 5 survivors (5120K)
 Metaspace       used 10013K, committed 10240K, reserved 1114112K
  class space    used 1150K, committed 1280K, reserved 1048576K
}
Event: 13.725 GC heap before
{Heap before GC invocations=24 (full 0):
 garbage-first heap   total 380928K, used 262310K [0x00000000c1a00000, 0x0000000100000000)
  region size 1024K, 26 young (26624K), 5 survivors (5120K)
 Metaspace       used 10014K, committed 10240K, reserved 1114112K
  class space    used 1150K, committed 1280K, reserved 1048576K
}
Event: 13.732 GC heap after
{Heap after GC invocations=25 (full 0):
 garbage-first heap   total 380928K, used 241711K [0x00000000c1a00000, 0x0000000100000000)
  region size 1024K, 5 young (5120K), 5 survivors (5120K)
 Metaspace       used 10014K, committed 10240K, reserved 1114112K
  class space    used 1150K, committed 1280K, reserved 1048576K
}
Event: 13.794 GC heap before
{Heap before GC invocations=26 (full 0):
 garbage-first heap   total 411648K, used 245807K [0x00000000c1a00000, 0x0000000100000000)
  region size 1024K, 8 young (8192K), 5 survivors (5120K)
 Metaspace       used 10015K, committed 10240K, reserved 1114112K
  class space    used 1150K, committed 1280K, reserved 1048576K
}
Event: 13.801 GC heap after
{Heap after GC invocations=27 (full 0):
 garbage-first heap   total 411648K, used 244557K [0x00000000c1a00000, 0x0000000100000000)
  region size 1024K, 6 young (6144K), 6 survivors (6144K)
 Metaspace       used 10015K, committed 10240K, reserved 1114112K
  class space    used 1150K, committed 1280K, reserved 1048576K
}

